2023-03-23 18:11:21 [Debug] start /
2023-03-23 18:12:29 [Debug] start /users.js
2023-03-23 18:14:28 [Debug] start /user/login
2023-03-23 18:14:29 [Debug] end /user/login
2023-03-23 18:14:31 [Debug] start /html/site.js
2023-03-23 18:14:31 [Debug] end /html/site.js
2023-03-23 18:18:18 [Debug] start /user/login
2023-03-23 18:18:18 [Debug] end /user/login
2023-03-23 18:18:22 [Debug] start /html/site.js
2023-03-23 18:18:22 [Debug] end /html/site.js
2023-03-23 18:18:45 [Debug] start /users.js
2023-03-23 18:18:45 [Debug] end /users.js
2023-03-23 18:18:53 [Debug] start /user/login
2023-03-23 18:18:54 [Debug] end /user/login
2023-03-23 18:18:56 [Debug] start /site.js
2023-03-23 18:18:56 [Debug] end /site.js
2023-03-23 18:18:58 [Debug] start /task
2023-03-23 18:18:58 [Debug] end /task
2023-03-23 18:21:58 [Debug] start /
2023-03-23 21:32:21 [Debug] start /
2023-03-23 21:32:21 [Debug] end /index.html
2023-03-23 21:32:21 [Debug] start /users.js
2023-03-23 21:32:21 [Debug] end /users.js
2023-03-23 21:32:21 [Debug] start /favicon.ico
2023-03-23 21:32:21 [Debug] end /favicon.ico
2023-03-23 21:32:32 [Debug] start /user/login
2023-03-23 21:32:32 [Debug] end /user/login
2023-03-23 21:32:39 [Debug] start /html/site.js
2023-03-23 21:32:39 [Debug] start /site.js
2023-03-23 21:32:39 [Debug] end /html/site.js
2023-03-23 21:32:39 [Debug] end /site.js
2023-03-23 21:32:42 [Debug] start /task
2023-03-23 21:32:42 [Debug] end /task
2023-03-23 21:32:56 [Debug] start /users.js
2023-03-23 21:32:56 [Debug] end /users.js
2023-03-23 21:33:07 [Debug] start /user/login
2023-03-23 21:33:07 [Debug] end /user/login
2023-03-23 21:33:14 [Debug] start /site.js
2023-03-23 21:33:14 [Debug] start /html/site.js
2023-03-23 21:33:14 [Debug] end /html/site.js
2023-03-23 21:33:14 [Debug] end /site.js
2023-03-23 21:33:16 [Debug] start /task
2023-03-23 21:33:16 [Debug] end /task
2023-03-23 21:38:51 [Debug] start /users.js
2023-03-23 21:38:51 [Debug] end /users.js
2023-03-23 21:39:02 [Debug] start /user/login
2023-03-23 21:39:02 [Debug] end /user/login
2023-03-23 21:39:07 [Debug] start /site.js
2023-03-23 21:39:07 [Debug] start /html/site.js
2023-03-23 21:39:07 [Debug] end /html/site.js
2023-03-23 21:39:07 [Debug] end /site.js
2023-03-23 21:39:11 [Debug] start /task
2023-03-23 21:39:11 [Debug] end /task
2023-03-23 21:39:29 [Debug] start /users.js
2023-03-23 21:39:29 [Debug] end /users.js
2023-03-23 21:39:37 [Debug] start /user/login
2023-03-23 21:39:37 [Debug] end /user/login
2023-03-23 21:39:41 [Debug] start /html/site.js
2023-03-23 21:39:41 [Debug] end /html/site.js
2023-03-23 21:39:44 [Debug] start /task
2023-03-23 21:39:44 [Debug] end /task
2023-03-23 21:39:54 [Debug] start /html/user.html
2023-03-23 21:39:54 [Debug] end /html/user.html
2023-03-23 21:39:54 [Debug] start /site.js
2023-03-23 21:39:54 [Debug] start /html/site.js
2023-03-23 21:39:54 [Debug] end /html/site.js
2023-03-23 21:39:54 [Debug] end /site.js
2023-03-23 21:39:58 [Debug] start /task
2023-03-23 21:39:58 [Debug] end /task
2023-03-23 21:40:18 [Debug] start /Swagger/index.html
2023-03-23 21:40:18 [Debug] end /Swagger/index.html
2023-03-23 21:40:18 [Debug] start /Swagger/v1/swagger.json
2023-03-23 21:40:19 [Debug] end /Swagger/v1/swagger.json
2023-03-23 21:40:36 [Debug] start /User
2023-03-23 21:40:36 [Debug] end /User
2023-03-23 21:40:50 [Debug] start /users.js
2023-03-23 21:40:50 [Debug] end /users.js
2023-03-23 21:41:06 [Debug] start /user/login
2023-03-23 21:41:06 [Debug] end /user/login
2023-03-23 21:41:09 [Debug] start /site.js
2023-03-23 21:41:09 [Debug] start /html/site.js
2023-03-23 21:41:09 [Debug] end /html/site.js
2023-03-23 21:41:09 [Debug] end /site.js
2023-03-23 21:41:12 [Debug] start /task
2023-03-23 21:41:12 [Debug] end /task
2023-03-23 21:41:48 [Debug] start /users.js
2023-03-23 21:41:48 [Debug] end /users.js
2023-03-23 21:41:55 [Debug] start /user/login
2023-03-23 21:41:55 [Debug] end /user/login
2023-03-23 21:41:58 [Debug] start /html/site.js
2023-03-23 21:41:58 [Debug] end /html/site.js
2023-03-23 21:42:01 [Debug] start /task
2023-03-23 21:42:01 [Debug] end /task
2023-03-23 21:42:08 [Debug] start /html/user.html
2023-03-23 21:42:08 [Debug] end /html/user.html
2023-03-23 21:42:08 [Debug] start /site.js
2023-03-23 21:42:08 [Debug] start /html/site.js
2023-03-23 21:42:08 [Debug] end /site.js
2023-03-23 21:42:08 [Debug] end /html/site.js
2023-03-23 21:42:13 [Debug] start /task
2023-03-23 21:42:13 [Debug] end /task
2023-03-23 21:43:05 [Debug] start /Task
2023-03-23 21:43:05 [Debug] end /Task
2023-03-23 21:43:24 [Debug] start /Swagger/index.html
2023-03-23 21:43:24 [Debug] end /Swagger/index.html
2023-03-23 21:43:25 [Debug] start /Swagger/v1/swagger.json
2023-03-23 21:43:25 [Debug] end /Swagger/v1/swagger.json
2023-03-23 21:43:55 [Debug] start /User/Login
2023-03-23 21:43:55 [Debug] end /User/Login
2023-03-23 2